2025-03-06 19:37:57 DEBUG PackageRelationshipCollection:307 - Parsing relationship: /_rels/.rels
2025-03-06 19:37:57 DEBUG PackageRelationshipCollection:307 - Parsing relationship: /xl/_rels/workbook.xml.rels
2025-03-06 19:37:57 DEBUG PackageRelationshipCollection:307 - Parsing relationship: /xl/worksheets/_rels/sheet1.xml.rels
2025-03-06 19:37:57 DEBUG PackageRelationshipCollection:307 - Parsing relationship: /_rels/.rels
2025-03-06 19:37:57 DEBUG PackageRelationshipCollection:307 - Parsing relationship: /xl/_rels/workbook.xml.rels
2025-03-06 19:37:57 DEBUG PackageRelationshipCollection:307 - Parsing relationship: /xl/worksheets/_rels/sheet1.xml.rels
2025-03-06 19:37:57 DEBUG PackageRelationshipCollection:307 - Parsing relationship: /_rels/.rels
2025-03-06 19:37:57 DEBUG PackageRelationshipCollection:307 - Parsing relationship: /xl/_rels/workbook.xml.rels
2025-03-06 19:37:57 DEBUG PackageRelationshipCollection:307 - Parsing relationship: /xl/worksheets/_rels/sheet1.xml.rels
2025-03-06 19:37:57 DEBUG PackageRelationshipCollection:307 - Parsing relationship: /_rels/.rels
2025-03-06 19:37:57 DEBUG PackageRelationshipCollection:307 - Parsing relationship: /xl/_rels/workbook.xml.rels
2025-03-06 19:37:57 DEBUG PackageRelationshipCollection:307 - Parsing relationship: /xl/worksheets/_rels/sheet1.xml.rels
2025-03-06 19:37:57 DEBUG PackageRelationshipCollection:307 - Parsing relationship: /_rels/.rels
2025-03-06 19:37:57 DEBUG PackageRelationshipCollection:307 - Parsing relationship: /xl/_rels/workbook.xml.rels
2025-03-06 19:37:57 DEBUG PackageRelationshipCollection:307 - Parsing relationship: /xl/worksheets/_rels/sheet1.xml.rels
2025-03-06 19:37:57 DEBUG PackageRelationshipCollection:307 - Parsing relationship: /_rels/.rels
2025-03-06 19:37:57 DEBUG PackageRelationshipCollection:307 - Parsing relationship: /xl/_rels/workbook.xml.rels
2025-03-06 19:37:57 DEBUG PackageRelationshipCollection:307 - Parsing relationship: /xl/worksheets/_rels/sheet1.xml.rels
2025-03-06 19:37:57 DEBUG PackageRelationshipCollection:307 - Parsing relationship: /_rels/.rels
2025-03-06 19:37:57 DEBUG PackageRelationshipCollection:307 - Parsing relationship: /xl/_rels/workbook.xml.rels
2025-03-06 19:37:57 DEBUG PackageRelationshipCollection:307 - Parsing relationship: /xl/worksheets/_rels/sheet1.xml.rels
2025-03-06 19:37:57 DEBUG PackageRelationshipCollection:307 - Parsing relationship: /_rels/.rels
2025-03-06 19:37:57 INFO  TC02_LoginDataDriven:15 - ******TC02_LoginDataDriven STARTED******
2025-03-06 19:37:58 INFO  TC02_LoginDataDriven:19 - Clicked Login
2025-03-06 19:37:58 INFO  TC02_LoginDataDriven:25 - Filled login info
2025-03-06 19:37:59 INFO  TC02_LoginDataDriven:32 - Login successfully
2025-03-06 19:37:59 INFO  TC02_LoginDataDriven:54 - ****FINISHED****
2025-03-06 19:37:59 INFO  TC02_LoginDataDriven:15 - ******TC02_LoginDataDriven STARTED******
2025-03-06 19:37:59 INFO  TC02_LoginDataDriven:19 - Clicked Login
2025-03-06 19:38:00 INFO  TC02_LoginDataDriven:25 - Filled login info
2025-03-06 19:38:10 ERROR TC02_LoginDataDriven:36 - Valid data but login unsuccessfully
2025-03-06 19:38:10 INFO  TC02_LoginDataDriven:54 - ****FINISHED****
2025-03-06 19:38:10 INFO  TC02_LoginDataDriven:15 - ******TC02_LoginDataDriven STARTED******
2025-03-06 19:38:11 INFO  TC02_LoginDataDriven:19 - Clicked Login
2025-03-06 19:38:11 INFO  TC02_LoginDataDriven:25 - Filled login info
2025-03-06 19:38:12 ERROR TC02_LoginDataDriven:42 - Invalid data but login successfully
2025-03-06 19:38:12 INFO  TC02_LoginDataDriven:54 - ****FINISHED****
2025-03-06 19:38:12 INFO  TC02_LoginDataDriven:15 - ******TC02_LoginDataDriven STARTED******
2025-03-06 19:38:12 INFO  TC02_LoginDataDriven:19 - Clicked Login
2025-03-06 19:38:13 INFO  TC02_LoginDataDriven:25 - Filled login info
2025-03-06 19:38:23 INFO  TC02_LoginDataDriven:46 - Login unsuccessfully
2025-03-06 19:38:23 INFO  TC02_LoginDataDriven:54 - ****FINISHED****
2025-03-06 20:00:16 DEBUG PackageRelationshipCollection:307 - Parsing relationship: /xl/_rels/workbook.xml.rels
2025-03-06 20:00:16 DEBUG PackageRelationshipCollection:307 - Parsing relationship: /xl/worksheets/_rels/sheet1.xml.rels
2025-03-06 20:00:16 DEBUG PackageRelationshipCollection:307 - Parsing relationship: /_rels/.rels
2025-03-06 20:00:17 DEBUG POIXMLFactory:65 - using default POIXMLDocumentPart for http://schemas.openxmlformats.org/officeDocument/2006/relationships/printerSettings
2025-03-06 20:00:17 DEBUG PackageRelationshipCollection:307 - Parsing relationship: /xl/_rels/workbook.xml.rels
2025-03-06 20:00:17 DEBUG PackageRelationshipCollection:307 - Parsing relationship: /xl/worksheets/_rels/sheet1.xml.rels
2025-03-06 20:00:17 DEBUG PackageRelationshipCollection:307 - Parsing relationship: /_rels/.rels
2025-03-06 20:00:17 DEBUG POIXMLFactory:65 - using default POIXMLDocumentPart for http://schemas.openxmlformats.org/officeDocument/2006/relationships/printerSettings
2025-03-06 20:00:17 DEBUG PackageRelationshipCollection:307 - Parsing relationship: /xl/_rels/workbook.xml.rels
2025-03-06 20:00:17 DEBUG PackageRelationshipCollection:307 - Parsing relationship: /xl/worksheets/_rels/sheet1.xml.rels
2025-03-06 20:00:17 DEBUG PackageRelationshipCollection:307 - Parsing relationship: /_rels/.rels
2025-03-06 20:00:17 DEBUG POIXMLFactory:65 - using default POIXMLDocumentPart for http://schemas.openxmlformats.org/officeDocument/2006/relationships/printerSettings
2025-03-06 20:00:17 DEBUG PackageRelationshipCollection:307 - Parsing relationship: /xl/_rels/workbook.xml.rels
2025-03-06 20:00:17 DEBUG PackageRelationshipCollection:307 - Parsing relationship: /xl/worksheets/_rels/sheet1.xml.rels
2025-03-06 20:00:17 DEBUG PackageRelationshipCollection:307 - Parsing relationship: /_rels/.rels
2025-03-06 20:00:17 DEBUG POIXMLFactory:65 - using default POIXMLDocumentPart for http://schemas.openxmlformats.org/officeDocument/2006/relationships/printerSettings
2025-03-06 20:00:17 DEBUG PackageRelationshipCollection:307 - Parsing relationship: /xl/_rels/workbook.xml.rels
2025-03-06 20:00:17 DEBUG PackageRelationshipCollection:307 - Parsing relationship: /xl/worksheets/_rels/sheet1.xml.rels
2025-03-06 20:00:17 DEBUG PackageRelationshipCollection:307 - Parsing relationship: /_rels/.rels
2025-03-06 20:00:17 DEBUG POIXMLFactory:65 - using default POIXMLDocumentPart for http://schemas.openxmlformats.org/officeDocument/2006/relationships/printerSettings
2025-03-06 20:00:17 DEBUG PackageRelationshipCollection:307 - Parsing relationship: /xl/_rels/workbook.xml.rels
2025-03-06 20:00:17 DEBUG PackageRelationshipCollection:307 - Parsing relationship: /xl/worksheets/_rels/sheet1.xml.rels
2025-03-06 20:00:17 DEBUG PackageRelationshipCollection:307 - Parsing relationship: /_rels/.rels
2025-03-06 20:00:17 DEBUG POIXMLFactory:65 - using default POIXMLDocumentPart for http://schemas.openxmlformats.org/officeDocument/2006/relationships/printerSettings
2025-03-06 20:00:17 DEBUG PackageRelationshipCollection:307 - Parsing relationship: /xl/_rels/workbook.xml.rels
2025-03-06 20:00:17 DEBUG PackageRelationshipCollection:307 - Parsing relationship: /xl/worksheets/_rels/sheet1.xml.rels
2025-03-06 20:00:17 DEBUG PackageRelationshipCollection:307 - Parsing relationship: /_rels/.rels
2025-03-06 20:00:17 DEBUG POIXMLFactory:65 - using default POIXMLDocumentPart for http://schemas.openxmlformats.org/officeDocument/2006/relationships/printerSettings
2025-03-06 20:00:17 DEBUG PackageRelationshipCollection:307 - Parsing relationship: /xl/_rels/workbook.xml.rels
2025-03-06 20:00:17 DEBUG PackageRelationshipCollection:307 - Parsing relationship: /xl/worksheets/_rels/sheet1.xml.rels
2025-03-06 20:00:17 DEBUG PackageRelationshipCollection:307 - Parsing relationship: /_rels/.rels
2025-03-06 20:00:17 DEBUG POIXMLFactory:65 - using default POIXMLDocumentPart for http://schemas.openxmlformats.org/officeDocument/2006/relationships/printerSettings
2025-03-06 20:00:17 DEBUG PackageRelationshipCollection:307 - Parsing relationship: /xl/_rels/workbook.xml.rels
2025-03-06 20:00:17 DEBUG PackageRelationshipCollection:307 - Parsing relationship: /xl/worksheets/_rels/sheet1.xml.rels
2025-03-06 20:00:17 DEBUG PackageRelationshipCollection:307 - Parsing relationship: /_rels/.rels
2025-03-06 20:00:17 DEBUG POIXMLFactory:65 - using default POIXMLDocumentPart for http://schemas.openxmlformats.org/officeDocument/2006/relationships/printerSettings
2025-03-06 20:00:17 DEBUG PackageRelationshipCollection:307 - Parsing relationship: /xl/_rels/workbook.xml.rels
2025-03-06 20:00:17 DEBUG PackageRelationshipCollection:307 - Parsing relationship: /xl/worksheets/_rels/sheet1.xml.rels
2025-03-06 20:00:17 DEBUG PackageRelationshipCollection:307 - Parsing relationship: /_rels/.rels
2025-03-06 20:00:17 DEBUG POIXMLFactory:65 - using default POIXMLDocumentPart for http://schemas.openxmlformats.org/officeDocument/2006/relationships/printerSettings
2025-03-06 20:00:17 DEBUG PackageRelationshipCollection:307 - Parsing relationship: /xl/_rels/workbook.xml.rels
2025-03-06 20:00:17 DEBUG PackageRelationshipCollection:307 - Parsing relationship: /xl/worksheets/_rels/sheet1.xml.rels
2025-03-06 20:00:17 DEBUG PackageRelationshipCollection:307 - Parsing relationship: /_rels/.rels
2025-03-06 20:00:17 DEBUG POIXMLFactory:65 - using default POIXMLDocumentPart for http://schemas.openxmlformats.org/officeDocument/2006/relationships/printerSettings
2025-03-06 20:00:17 DEBUG PackageRelationshipCollection:307 - Parsing relationship: /xl/_rels/workbook.xml.rels
2025-03-06 20:00:17 DEBUG PackageRelationshipCollection:307 - Parsing relationship: /xl/worksheets/_rels/sheet1.xml.rels
2025-03-06 20:00:17 DEBUG PackageRelationshipCollection:307 - Parsing relationship: /_rels/.rels
2025-03-06 20:00:17 DEBUG POIXMLFactory:65 - using default POIXMLDocumentPart for http://schemas.openxmlformats.org/officeDocument/2006/relationships/printerSettings
2025-03-06 20:00:17 DEBUG PackageRelationshipCollection:307 - Parsing relationship: /xl/_rels/workbook.xml.rels
2025-03-06 20:00:17 DEBUG PackageRelationshipCollection:307 - Parsing relationship: /xl/worksheets/_rels/sheet1.xml.rels
2025-03-06 20:00:17 DEBUG PackageRelationshipCollection:307 - Parsing relationship: /_rels/.rels
2025-03-06 20:00:17 DEBUG POIXMLFactory:65 - using default POIXMLDocumentPart for http://schemas.openxmlformats.org/officeDocument/2006/relationships/printerSettings
2025-03-06 20:00:17 DEBUG PackageRelationshipCollection:307 - Parsing relationship: /xl/_rels/workbook.xml.rels
2025-03-06 20:00:17 DEBUG PackageRelationshipCollection:307 - Parsing relationship: /xl/worksheets/_rels/sheet1.xml.rels
2025-03-06 20:00:17 DEBUG PackageRelationshipCollection:307 - Parsing relationship: /_rels/.rels
2025-03-06 20:00:17 DEBUG POIXMLFactory:65 - using default POIXMLDocumentPart for http://schemas.openxmlformats.org/officeDocument/2006/relationships/printerSettings
2025-03-06 20:00:17 DEBUG PackageRelationshipCollection:307 - Parsing relationship: /xl/_rels/workbook.xml.rels
2025-03-06 20:00:17 DEBUG PackageRelationshipCollection:307 - Parsing relationship: /xl/worksheets/_rels/sheet1.xml.rels
2025-03-06 20:00:17 DEBUG PackageRelationshipCollection:307 - Parsing relationship: /_rels/.rels
2025-03-06 20:00:17 DEBUG POIXMLFactory:65 - using default POIXMLDocumentPart for http://schemas.openxmlformats.org/officeDocument/2006/relationships/printerSettings
2025-03-06 20:00:17 DEBUG PackageRelationshipCollection:307 - Parsing relationship: /xl/_rels/workbook.xml.rels
2025-03-06 20:00:17 DEBUG PackageRelationshipCollection:307 - Parsing relationship: /xl/worksheets/_rels/sheet1.xml.rels
2025-03-06 20:00:17 DEBUG PackageRelationshipCollection:307 - Parsing relationship: /_rels/.rels
2025-03-06 20:00:17 DEBUG POIXMLFactory:65 - using default POIXMLDocumentPart for http://schemas.openxmlformats.org/officeDocument/2006/relationships/printerSettings
2025-03-06 20:00:17 DEBUG PackageRelationshipCollection:307 - Parsing relationship: /xl/_rels/workbook.xml.rels
2025-03-06 20:00:17 DEBUG PackageRelationshipCollection:307 - Parsing relationship: /xl/worksheets/_rels/sheet1.xml.rels
2025-03-06 20:00:17 DEBUG PackageRelationshipCollection:307 - Parsing relationship: /_rels/.rels
2025-03-06 20:00:17 DEBUG POIXMLFactory:65 - using default POIXMLDocumentPart for http://schemas.openxmlformats.org/officeDocument/2006/relationships/printerSettings
2025-03-06 20:00:17 DEBUG PackageRelationshipCollection:307 - Parsing relationship: /xl/_rels/workbook.xml.rels
2025-03-06 20:00:17 DEBUG PackageRelationshipCollection:307 - Parsing relationship: /xl/worksheets/_rels/sheet1.xml.rels
2025-03-06 20:00:17 DEBUG PackageRelationshipCollection:307 - Parsing relationship: /_rels/.rels
2025-03-06 20:00:17 DEBUG POIXMLFactory:65 - using default POIXMLDocumentPart for http://schemas.openxmlformats.org/officeDocument/2006/relationships/printerSettings
2025-03-06 20:00:17 DEBUG PackageRelationshipCollection:307 - Parsing relationship: /xl/_rels/workbook.xml.rels
2025-03-06 20:00:17 DEBUG PackageRelationshipCollection:307 - Parsing relationship: /xl/worksheets/_rels/sheet1.xml.rels
2025-03-06 20:00:17 DEBUG PackageRelationshipCollection:307 - Parsing relationship: /_rels/.rels
2025-03-06 20:00:17 DEBUG POIXMLFactory:65 - using default POIXMLDocumentPart for http://schemas.openxmlformats.org/officeDocument/2006/relationships/printerSettings
2025-03-06 20:00:17 DEBUG PackageRelationshipCollection:307 - Parsing relationship: /xl/_rels/workbook.xml.rels
2025-03-06 20:00:17 DEBUG PackageRelationshipCollection:307 - Parsing relationship: /xl/worksheets/_rels/sheet1.xml.rels
2025-03-06 20:00:17 DEBUG PackageRelationshipCollection:307 - Parsing relationship: /_rels/.rels
2025-03-06 20:00:17 DEBUG POIXMLFactory:65 - using default POIXMLDocumentPart for http://schemas.openxmlformats.org/officeDocument/2006/relationships/printerSettings
2025-03-06 20:00:17 INFO  TC02_LoginDataDriven:15 - ******TC02_LoginDataDriven STARTED******
2025-03-06 20:00:18 INFO  TC02_LoginDataDriven:19 - Clicked Login
2025-03-06 20:00:19 INFO  TC02_LoginDataDriven:25 - Filled login info
2025-03-06 20:00:19 INFO  TC02_LoginDataDriven:32 - Login successfully
2025-03-06 20:00:19 INFO  TC02_LoginDataDriven:54 - ****FINISHED****
2025-03-06 20:00:19 INFO  TC02_LoginDataDriven:15 - ******TC02_LoginDataDriven STARTED******
2025-03-06 20:00:20 INFO  TC02_LoginDataDriven:19 - Clicked Login
2025-03-06 20:00:20 INFO  TC02_LoginDataDriven:25 - Filled login info
2025-03-06 20:00:30 ERROR TC02_LoginDataDriven:36 - Valid data but login unsuccessfully
2025-03-06 20:00:30 INFO  TC02_LoginDataDriven:54 - ****FINISHED****
2025-03-06 20:00:30 INFO  TC02_LoginDataDriven:15 - ******TC02_LoginDataDriven STARTED******
2025-03-06 20:00:31 INFO  TC02_LoginDataDriven:19 - Clicked Login
2025-03-06 20:00:32 INFO  TC02_LoginDataDriven:25 - Filled login info
2025-03-06 20:00:32 ERROR TC02_LoginDataDriven:42 - Invalid data but login successfully
2025-03-06 20:00:33 INFO  TC02_LoginDataDriven:54 - ****FINISHED****
2025-03-06 20:00:33 INFO  TC02_LoginDataDriven:15 - ******TC02_LoginDataDriven STARTED******
2025-03-06 20:00:33 INFO  TC02_LoginDataDriven:19 - Clicked Login
2025-03-06 20:00:33 INFO  TC02_LoginDataDriven:25 - Filled login info
2025-03-06 20:00:43 INFO  TC02_LoginDataDriven:46 - Login unsuccessfully
2025-03-06 20:00:43 INFO  TC02_LoginDataDriven:54 - ****FINISHED****
2025-03-06 20:00:43 INFO  TC02_LoginDataDriven:15 - ******TC02_LoginDataDriven STARTED******
2025-03-06 20:00:44 INFO  TC02_LoginDataDriven:19 - Clicked Login
2025-03-06 20:00:44 INFO  TC02_LoginDataDriven:25 - Filled login info
2025-03-06 20:00:54 INFO  TC02_LoginDataDriven:46 - Login unsuccessfully
2025-03-06 20:00:54 INFO  TC02_LoginDataDriven:54 - ****FINISHED****
2025-03-06 20:00:54 INFO  TC02_LoginDataDriven:15 - ******TC02_LoginDataDriven STARTED******
2025-03-06 20:00:55 INFO  TC02_LoginDataDriven:19 - Clicked Login
2025-03-06 20:00:56 INFO  TC02_LoginDataDriven:25 - Filled login info
2025-03-06 20:01:06 INFO  TC02_LoginDataDriven:46 - Login unsuccessfully
2025-03-06 20:01:06 INFO  TC02_LoginDataDriven:54 - ****FINISHED****
2025-03-07 06:54:05 DEBUG PackageRelationshipCollection:307 - Parsing relationship: /xl/_rels/workbook.xml.rels
2025-03-07 06:54:05 DEBUG PackageRelationshipCollection:307 - Parsing relationship: /xl/worksheets/_rels/sheet1.xml.rels
2025-03-07 06:54:05 DEBUG PackageRelationshipCollection:307 - Parsing relationship: /_rels/.rels
2025-03-07 06:54:05 DEBUG POIXMLFactory:65 - using default POIXMLDocumentPart for http://schemas.openxmlformats.org/officeDocument/2006/relationships/printerSettings
2025-03-07 06:54:06 DEBUG PackageRelationshipCollection:307 - Parsing relationship: /xl/_rels/workbook.xml.rels
2025-03-07 06:54:06 DEBUG PackageRelationshipCollection:307 - Parsing relationship: /xl/worksheets/_rels/sheet1.xml.rels
2025-03-07 06:54:06 DEBUG PackageRelationshipCollection:307 - Parsing relationship: /_rels/.rels
2025-03-07 06:54:06 DEBUG POIXMLFactory:65 - using default POIXMLDocumentPart for http://schemas.openxmlformats.org/officeDocument/2006/relationships/printerSettings
2025-03-07 06:54:06 DEBUG PackageRelationshipCollection:307 - Parsing relationship: /xl/_rels/workbook.xml.rels
2025-03-07 06:54:06 DEBUG PackageRelationshipCollection:307 - Parsing relationship: /xl/worksheets/_rels/sheet1.xml.rels
2025-03-07 06:54:06 DEBUG PackageRelationshipCollection:307 - Parsing relationship: /_rels/.rels
2025-03-07 06:54:06 DEBUG POIXMLFactory:65 - using default POIXMLDocumentPart for http://schemas.openxmlformats.org/officeDocument/2006/relationships/printerSettings
2025-03-07 06:54:06 DEBUG PackageRelationshipCollection:307 - Parsing relationship: /xl/_rels/workbook.xml.rels
2025-03-07 06:54:06 DEBUG PackageRelationshipCollection:307 - Parsing relationship: /xl/worksheets/_rels/sheet1.xml.rels
2025-03-07 06:54:06 DEBUG PackageRelationshipCollection:307 - Parsing relationship: /_rels/.rels
2025-03-07 06:54:06 DEBUG POIXMLFactory:65 - using default POIXMLDocumentPart for http://schemas.openxmlformats.org/officeDocument/2006/relationships/printerSettings
2025-03-07 06:54:06 DEBUG PackageRelationshipCollection:307 - Parsing relationship: /xl/_rels/workbook.xml.rels
2025-03-07 06:54:06 DEBUG PackageRelationshipCollection:307 - Parsing relationship: /xl/worksheets/_rels/sheet1.xml.rels
2025-03-07 06:54:06 DEBUG PackageRelationshipCollection:307 - Parsing relationship: /_rels/.rels
2025-03-07 06:54:06 DEBUG POIXMLFactory:65 - using default POIXMLDocumentPart for http://schemas.openxmlformats.org/officeDocument/2006/relationships/printerSettings
2025-03-07 06:54:06 DEBUG PackageRelationshipCollection:307 - Parsing relationship: /xl/_rels/workbook.xml.rels
2025-03-07 06:54:06 DEBUG PackageRelationshipCollection:307 - Parsing relationship: /xl/worksheets/_rels/sheet1.xml.rels
2025-03-07 06:54:06 DEBUG PackageRelationshipCollection:307 - Parsing relationship: /_rels/.rels
2025-03-07 06:54:06 DEBUG POIXMLFactory:65 - using default POIXMLDocumentPart for http://schemas.openxmlformats.org/officeDocument/2006/relationships/printerSettings
2025-03-07 06:54:06 DEBUG PackageRelationshipCollection:307 - Parsing relationship: /xl/_rels/workbook.xml.rels
2025-03-07 06:54:06 DEBUG PackageRelationshipCollection:307 - Parsing relationship: /xl/worksheets/_rels/sheet1.xml.rels
2025-03-07 06:54:06 DEBUG PackageRelationshipCollection:307 - Parsing relationship: /_rels/.rels
2025-03-07 06:54:06 DEBUG POIXMLFactory:65 - using default POIXMLDocumentPart for http://schemas.openxmlformats.org/officeDocument/2006/relationships/printerSettings
2025-03-07 06:54:06 DEBUG PackageRelationshipCollection:307 - Parsing relationship: /xl/_rels/workbook.xml.rels
2025-03-07 06:54:06 DEBUG PackageRelationshipCollection:307 - Parsing relationship: /xl/worksheets/_rels/sheet1.xml.rels
2025-03-07 06:54:06 DEBUG PackageRelationshipCollection:307 - Parsing relationship: /_rels/.rels
2025-03-07 06:54:06 DEBUG POIXMLFactory:65 - using default POIXMLDocumentPart for http://schemas.openxmlformats.org/officeDocument/2006/relationships/printerSettings
2025-03-07 06:54:06 DEBUG PackageRelationshipCollection:307 - Parsing relationship: /xl/_rels/workbook.xml.rels
2025-03-07 06:54:06 DEBUG PackageRelationshipCollection:307 - Parsing relationship: /xl/worksheets/_rels/sheet1.xml.rels
2025-03-07 06:54:06 DEBUG PackageRelationshipCollection:307 - Parsing relationship: /_rels/.rels
2025-03-07 06:54:06 DEBUG POIXMLFactory:65 - using default POIXMLDocumentPart for http://schemas.openxmlformats.org/officeDocument/2006/relationships/printerSettings
2025-03-07 06:54:06 DEBUG PackageRelationshipCollection:307 - Parsing relationship: /xl/_rels/workbook.xml.rels
2025-03-07 06:54:06 DEBUG PackageRelationshipCollection:307 - Parsing relationship: /xl/worksheets/_rels/sheet1.xml.rels
2025-03-07 06:54:06 DEBUG PackageRelationshipCollection:307 - Parsing relationship: /_rels/.rels
2025-03-07 06:54:06 DEBUG POIXMLFactory:65 - using default POIXMLDocumentPart for http://schemas.openxmlformats.org/officeDocument/2006/relationships/printerSettings
2025-03-07 06:54:06 DEBUG PackageRelationshipCollection:307 - Parsing relationship: /xl/_rels/workbook.xml.rels
2025-03-07 06:54:06 DEBUG PackageRelationshipCollection:307 - Parsing relationship: /xl/worksheets/_rels/sheet1.xml.rels
2025-03-07 06:54:06 DEBUG PackageRelationshipCollection:307 - Parsing relationship: /_rels/.rels
2025-03-07 06:54:06 DEBUG POIXMLFactory:65 - using default POIXMLDocumentPart for http://schemas.openxmlformats.org/officeDocument/2006/relationships/printerSettings
2025-03-07 06:54:06 DEBUG PackageRelationshipCollection:307 - Parsing relationship: /xl/_rels/workbook.xml.rels
2025-03-07 06:54:06 DEBUG PackageRelationshipCollection:307 - Parsing relationship: /xl/worksheets/_rels/sheet1.xml.rels
2025-03-07 06:54:06 DEBUG PackageRelationshipCollection:307 - Parsing relationship: /_rels/.rels
2025-03-07 06:54:06 DEBUG POIXMLFactory:65 - using default POIXMLDocumentPart for http://schemas.openxmlformats.org/officeDocument/2006/relationships/printerSettings
2025-03-07 06:54:06 DEBUG PackageRelationshipCollection:307 - Parsing relationship: /xl/_rels/workbook.xml.rels
2025-03-07 06:54:06 DEBUG PackageRelationshipCollection:307 - Parsing relationship: /xl/worksheets/_rels/sheet1.xml.rels
2025-03-07 06:54:06 DEBUG PackageRelationshipCollection:307 - Parsing relationship: /_rels/.rels
2025-03-07 06:54:06 DEBUG POIXMLFactory:65 - using default POIXMLDocumentPart for http://schemas.openxmlformats.org/officeDocument/2006/relationships/printerSettings
2025-03-07 06:54:06 DEBUG PackageRelationshipCollection:307 - Parsing relationship: /xl/_rels/workbook.xml.rels
2025-03-07 06:54:06 DEBUG PackageRelationshipCollection:307 - Parsing relationship: /xl/worksheets/_rels/sheet1.xml.rels
2025-03-07 06:54:06 DEBUG PackageRelationshipCollection:307 - Parsing relationship: /_rels/.rels
2025-03-07 06:54:06 DEBUG POIXMLFactory:65 - using default POIXMLDocumentPart for http://schemas.openxmlformats.org/officeDocument/2006/relationships/printerSettings
2025-03-07 06:54:06 DEBUG PackageRelationshipCollection:307 - Parsing relationship: /xl/_rels/workbook.xml.rels
2025-03-07 06:54:06 DEBUG PackageRelationshipCollection:307 - Parsing relationship: /xl/worksheets/_rels/sheet1.xml.rels
2025-03-07 06:54:06 DEBUG PackageRelationshipCollection:307 - Parsing relationship: /_rels/.rels
2025-03-07 06:54:06 DEBUG POIXMLFactory:65 - using default POIXMLDocumentPart for http://schemas.openxmlformats.org/officeDocument/2006/relationships/printerSettings
2025-03-07 06:54:06 DEBUG PackageRelationshipCollection:307 - Parsing relationship: /xl/_rels/workbook.xml.rels
2025-03-07 06:54:06 DEBUG PackageRelationshipCollection:307 - Parsing relationship: /xl/worksheets/_rels/sheet1.xml.rels
2025-03-07 06:54:06 DEBUG PackageRelationshipCollection:307 - Parsing relationship: /_rels/.rels
2025-03-07 06:54:06 DEBUG POIXMLFactory:65 - using default POIXMLDocumentPart for http://schemas.openxmlformats.org/officeDocument/2006/relationships/printerSettings
2025-03-07 06:54:06 DEBUG PackageRelationshipCollection:307 - Parsing relationship: /xl/_rels/workbook.xml.rels
2025-03-07 06:54:06 DEBUG PackageRelationshipCollection:307 - Parsing relationship: /xl/worksheets/_rels/sheet1.xml.rels
2025-03-07 06:54:06 DEBUG PackageRelationshipCollection:307 - Parsing relationship: /_rels/.rels
2025-03-07 06:54:06 DEBUG POIXMLFactory:65 - using default POIXMLDocumentPart for http://schemas.openxmlformats.org/officeDocument/2006/relationships/printerSettings
2025-03-07 06:54:06 DEBUG PackageRelationshipCollection:307 - Parsing relationship: /xl/_rels/workbook.xml.rels
2025-03-07 06:54:06 DEBUG PackageRelationshipCollection:307 - Parsing relationship: /xl/worksheets/_rels/sheet1.xml.rels
2025-03-07 06:54:06 DEBUG PackageRelationshipCollection:307 - Parsing relationship: /_rels/.rels
2025-03-07 06:54:06 DEBUG POIXMLFactory:65 - using default POIXMLDocumentPart for http://schemas.openxmlformats.org/officeDocument/2006/relationships/printerSettings
2025-03-07 06:54:06 DEBUG PackageRelationshipCollection:307 - Parsing relationship: /xl/_rels/workbook.xml.rels
2025-03-07 06:54:06 DEBUG PackageRelationshipCollection:307 - Parsing relationship: /xl/worksheets/_rels/sheet1.xml.rels
2025-03-07 06:54:06 DEBUG PackageRelationshipCollection:307 - Parsing relationship: /_rels/.rels
2025-03-07 06:54:06 DEBUG POIXMLFactory:65 - using default POIXMLDocumentPart for http://schemas.openxmlformats.org/officeDocument/2006/relationships/printerSettings
2025-03-07 06:54:06 DEBUG PackageRelationshipCollection:307 - Parsing relationship: /xl/_rels/workbook.xml.rels
2025-03-07 06:54:06 DEBUG PackageRelationshipCollection:307 - Parsing relationship: /xl/worksheets/_rels/sheet1.xml.rels
2025-03-07 06:54:06 DEBUG PackageRelationshipCollection:307 - Parsing relationship: /_rels/.rels
2025-03-07 06:54:06 DEBUG POIXMLFactory:65 - using default POIXMLDocumentPart for http://schemas.openxmlformats.org/officeDocument/2006/relationships/printerSettings
2025-03-07 06:54:06 INFO  TC02_LoginDataDriven:15 - ******TC02_LoginDataDriven STARTED******
2025-03-07 06:54:06 INFO  TC02_LoginDataDriven:19 - Clicked Login
2025-03-07 06:54:07 INFO  TC02_LoginDataDriven:25 - Filled login info
2025-03-07 06:54:07 INFO  TC02_LoginDataDriven:32 - Login successfully
2025-03-07 06:54:08 INFO  TC02_LoginDataDriven:54 - ****FINISHED****
2025-03-07 06:54:08 INFO  TC02_LoginDataDriven:15 - ******TC02_LoginDataDriven STARTED******
2025-03-07 06:54:08 INFO  TC02_LoginDataDriven:19 - Clicked Login
2025-03-07 06:54:08 INFO  TC02_LoginDataDriven:25 - Filled login info
2025-03-07 06:54:19 ERROR TC02_LoginDataDriven:36 - Valid data but login unsuccessfully
2025-03-07 06:54:19 INFO  TC02_LoginDataDriven:54 - ****FINISHED****
2025-03-07 06:54:19 INFO  TC02_LoginDataDriven:15 - ******TC02_LoginDataDriven STARTED******
2025-03-07 06:54:19 INFO  TC02_LoginDataDriven:19 - Clicked Login
2025-03-07 06:54:19 INFO  TC02_LoginDataDriven:25 - Filled login info
2025-03-07 06:54:20 ERROR TC02_LoginDataDriven:42 - Invalid data but login successfully
2025-03-07 06:54:20 INFO  TC02_LoginDataDriven:54 - ****FINISHED****
2025-03-07 06:54:20 INFO  TC02_LoginDataDriven:15 - ******TC02_LoginDataDriven STARTED******
2025-03-07 06:54:21 INFO  TC02_LoginDataDriven:19 - Clicked Login
2025-03-07 06:54:21 INFO  TC02_LoginDataDriven:25 - Filled login info
2025-03-07 06:54:31 INFO  TC02_LoginDataDriven:46 - Login unsuccessfully
2025-03-07 06:54:31 INFO  TC02_LoginDataDriven:54 - ****FINISHED****
2025-03-07 06:54:31 INFO  TC02_LoginDataDriven:15 - ******TC02_LoginDataDriven STARTED******
2025-03-07 06:54:32 INFO  TC02_LoginDataDriven:19 - Clicked Login
2025-03-07 06:54:32 INFO  TC02_LoginDataDriven:25 - Filled login info
2025-03-07 06:54:42 INFO  TC02_LoginDataDriven:46 - Login unsuccessfully
2025-03-07 06:54:42 INFO  TC02_LoginDataDriven:54 - ****FINISHED****
2025-03-07 06:54:42 INFO  TC02_LoginDataDriven:15 - ******TC02_LoginDataDriven STARTED******
2025-03-07 06:54:42 INFO  TC02_LoginDataDriven:19 - Clicked Login
2025-03-07 06:54:43 INFO  TC02_LoginDataDriven:25 - Filled login info
2025-03-07 06:54:53 INFO  TC02_LoginDataDriven:46 - Login unsuccessfully
2025-03-07 06:54:53 INFO  TC02_LoginDataDriven:54 - ****FINISHED****
2025-03-07 09:51:06 DEBUG PackageRelationshipCollection:307 - Parsing relationship: /xl/_rels/workbook.xml.rels
2025-03-07 09:51:06 DEBUG PackageRelationshipCollection:307 - Parsing relationship: /xl/worksheets/_rels/sheet1.xml.rels
2025-03-07 09:51:06 DEBUG PackageRelationshipCollection:307 - Parsing relationship: /_rels/.rels
2025-03-07 09:51:07 DEBUG POIXMLFactory:65 - using default POIXMLDocumentPart for http://schemas.openxmlformats.org/officeDocument/2006/relationships/printerSettings
2025-03-07 09:51:07 DEBUG PackageRelationshipCollection:307 - Parsing relationship: /xl/_rels/workbook.xml.rels
2025-03-07 09:51:07 DEBUG PackageRelationshipCollection:307 - Parsing relationship: /xl/worksheets/_rels/sheet1.xml.rels
2025-03-07 09:51:07 DEBUG PackageRelationshipCollection:307 - Parsing relationship: /_rels/.rels
2025-03-07 09:51:07 DEBUG POIXMLFactory:65 - using default POIXMLDocumentPart for http://schemas.openxmlformats.org/officeDocument/2006/relationships/printerSettings
2025-03-07 09:51:07 DEBUG PackageRelationshipCollection:307 - Parsing relationship: /xl/_rels/workbook.xml.rels
2025-03-07 09:51:07 DEBUG PackageRelationshipCollection:307 - Parsing relationship: /xl/worksheets/_rels/sheet1.xml.rels
2025-03-07 09:51:07 DEBUG PackageRelationshipCollection:307 - Parsing relationship: /_rels/.rels
2025-03-07 09:51:07 DEBUG POIXMLFactory:65 - using default POIXMLDocumentPart for http://schemas.openxmlformats.org/officeDocument/2006/relationships/printerSettings
2025-03-07 09:51:07 DEBUG PackageRelationshipCollection:307 - Parsing relationship: /xl/_rels/workbook.xml.rels
2025-03-07 09:51:07 DEBUG PackageRelationshipCollection:307 - Parsing relationship: /xl/worksheets/_rels/sheet1.xml.rels
2025-03-07 09:51:07 DEBUG PackageRelationshipCollection:307 - Parsing relationship: /_rels/.rels
2025-03-07 09:51:07 DEBUG POIXMLFactory:65 - using default POIXMLDocumentPart for http://schemas.openxmlformats.org/officeDocument/2006/relationships/printerSettings
2025-03-07 09:51:07 DEBUG PackageRelationshipCollection:307 - Parsing relationship: /xl/_rels/workbook.xml.rels
2025-03-07 09:51:07 DEBUG PackageRelationshipCollection:307 - Parsing relationship: /xl/worksheets/_rels/sheet1.xml.rels
2025-03-07 09:51:07 DEBUG PackageRelationshipCollection:307 - Parsing relationship: /_rels/.rels
2025-03-07 09:51:07 DEBUG POIXMLFactory:65 - using default POIXMLDocumentPart for http://schemas.openxmlformats.org/officeDocument/2006/relationships/printerSettings
2025-03-07 09:51:07 DEBUG PackageRelationshipCollection:307 - Parsing relationship: /xl/_rels/workbook.xml.rels
2025-03-07 09:51:07 DEBUG PackageRelationshipCollection:307 - Parsing relationship: /xl/worksheets/_rels/sheet1.xml.rels
2025-03-07 09:51:07 DEBUG PackageRelationshipCollection:307 - Parsing relationship: /_rels/.rels
2025-03-07 09:51:07 DEBUG POIXMLFactory:65 - using default POIXMLDocumentPart for http://schemas.openxmlformats.org/officeDocument/2006/relationships/printerSettings
2025-03-07 09:51:07 DEBUG PackageRelationshipCollection:307 - Parsing relationship: /xl/_rels/workbook.xml.rels
2025-03-07 09:51:07 DEBUG PackageRelationshipCollection:307 - Parsing relationship: /xl/worksheets/_rels/sheet1.xml.rels
2025-03-07 09:51:07 DEBUG PackageRelationshipCollection:307 - Parsing relationship: /_rels/.rels
2025-03-07 09:51:07 DEBUG POIXMLFactory:65 - using default POIXMLDocumentPart for http://schemas.openxmlformats.org/officeDocument/2006/relationships/printerSettings
2025-03-07 09:51:07 DEBUG PackageRelationshipCollection:307 - Parsing relationship: /xl/_rels/workbook.xml.rels
2025-03-07 09:51:07 DEBUG PackageRelationshipCollection:307 - Parsing relationship: /xl/worksheets/_rels/sheet1.xml.rels
2025-03-07 09:51:07 DEBUG PackageRelationshipCollection:307 - Parsing relationship: /_rels/.rels
2025-03-07 09:51:07 DEBUG POIXMLFactory:65 - using default POIXMLDocumentPart for http://schemas.openxmlformats.org/officeDocument/2006/relationships/printerSettings
2025-03-07 09:51:07 DEBUG PackageRelationshipCollection:307 - Parsing relationship: /xl/_rels/workbook.xml.rels
2025-03-07 09:51:07 DEBUG PackageRelationshipCollection:307 - Parsing relationship: /xl/worksheets/_rels/sheet1.xml.rels
2025-03-07 09:51:07 DEBUG PackageRelationshipCollection:307 - Parsing relationship: /_rels/.rels
2025-03-07 09:51:07 DEBUG POIXMLFactory:65 - using default POIXMLDocumentPart for http://schemas.openxmlformats.org/officeDocument/2006/relationships/printerSettings
2025-03-07 09:51:07 DEBUG PackageRelationshipCollection:307 - Parsing relationship: /xl/_rels/workbook.xml.rels
2025-03-07 09:51:07 DEBUG PackageRelationshipCollection:307 - Parsing relationship: /xl/worksheets/_rels/sheet1.xml.rels
2025-03-07 09:51:07 DEBUG PackageRelationshipCollection:307 - Parsing relationship: /_rels/.rels
2025-03-07 09:51:07 DEBUG POIXMLFactory:65 - using default POIXMLDocumentPart for http://schemas.openxmlformats.org/officeDocument/2006/relationships/printerSettings
2025-03-07 09:51:07 DEBUG PackageRelationshipCollection:307 - Parsing relationship: /xl/_rels/workbook.xml.rels
2025-03-07 09:51:07 DEBUG PackageRelationshipCollection:307 - Parsing relationship: /xl/worksheets/_rels/sheet1.xml.rels
2025-03-07 09:51:07 DEBUG PackageRelationshipCollection:307 - Parsing relationship: /_rels/.rels
2025-03-07 09:51:07 DEBUG POIXMLFactory:65 - using default POIXMLDocumentPart for http://schemas.openxmlformats.org/officeDocument/2006/relationships/printerSettings
2025-03-07 09:51:07 DEBUG PackageRelationshipCollection:307 - Parsing relationship: /xl/_rels/workbook.xml.rels
2025-03-07 09:51:07 DEBUG PackageRelationshipCollection:307 - Parsing relationship: /xl/worksheets/_rels/sheet1.xml.rels
2025-03-07 09:51:07 DEBUG PackageRelationshipCollection:307 - Parsing relationship: /_rels/.rels
2025-03-07 09:51:07 DEBUG POIXMLFactory:65 - using default POIXMLDocumentPart for http://schemas.openxmlformats.org/officeDocument/2006/relationships/printerSettings
2025-03-07 09:51:07 DEBUG PackageRelationshipCollection:307 - Parsing relationship: /xl/_rels/workbook.xml.rels
2025-03-07 09:51:07 DEBUG PackageRelationshipCollection:307 - Parsing relationship: /xl/worksheets/_rels/sheet1.xml.rels
2025-03-07 09:51:07 DEBUG PackageRelationshipCollection:307 - Parsing relationship: /_rels/.rels
2025-03-07 09:51:07 DEBUG POIXMLFactory:65 - using default POIXMLDocumentPart for http://schemas.openxmlformats.org/officeDocument/2006/relationships/printerSettings
2025-03-07 09:51:07 DEBUG PackageRelationshipCollection:307 - Parsing relationship: /xl/_rels/workbook.xml.rels
2025-03-07 09:51:07 DEBUG PackageRelationshipCollection:307 - Parsing relationship: /xl/worksheets/_rels/sheet1.xml.rels
2025-03-07 09:51:07 DEBUG PackageRelationshipCollection:307 - Parsing relationship: /_rels/.rels
2025-03-07 09:51:07 DEBUG POIXMLFactory:65 - using default POIXMLDocumentPart for http://schemas.openxmlformats.org/officeDocument/2006/relationships/printerSettings
2025-03-07 09:51:07 DEBUG PackageRelationshipCollection:307 - Parsing relationship: /xl/_rels/workbook.xml.rels
2025-03-07 09:51:07 DEBUG PackageRelationshipCollection:307 - Parsing relationship: /xl/worksheets/_rels/sheet1.xml.rels
2025-03-07 09:51:07 DEBUG PackageRelationshipCollection:307 - Parsing relationship: /_rels/.rels
2025-03-07 09:51:07 DEBUG POIXMLFactory:65 - using default POIXMLDocumentPart for http://schemas.openxmlformats.org/officeDocument/2006/relationships/printerSettings
2025-03-07 09:51:07 DEBUG PackageRelationshipCollection:307 - Parsing relationship: /xl/_rels/workbook.xml.rels
2025-03-07 09:51:07 DEBUG PackageRelationshipCollection:307 - Parsing relationship: /xl/worksheets/_rels/sheet1.xml.rels
2025-03-07 09:51:07 DEBUG PackageRelationshipCollection:307 - Parsing relationship: /_rels/.rels
2025-03-07 09:51:07 DEBUG POIXMLFactory:65 - using default POIXMLDocumentPart for http://schemas.openxmlformats.org/officeDocument/2006/relationships/printerSettings
2025-03-07 09:51:07 DEBUG PackageRelationshipCollection:307 - Parsing relationship: /xl/_rels/workbook.xml.rels
2025-03-07 09:51:07 DEBUG PackageRelationshipCollection:307 - Parsing relationship: /xl/worksheets/_rels/sheet1.xml.rels
2025-03-07 09:51:07 DEBUG PackageRelationshipCollection:307 - Parsing relationship: /_rels/.rels
2025-03-07 09:51:07 DEBUG POIXMLFactory:65 - using default POIXMLDocumentPart for http://schemas.openxmlformats.org/officeDocument/2006/relationships/printerSettings
2025-03-07 09:51:07 DEBUG PackageRelationshipCollection:307 - Parsing relationship: /xl/_rels/workbook.xml.rels
2025-03-07 09:51:07 DEBUG PackageRelationshipCollection:307 - Parsing relationship: /xl/worksheets/_rels/sheet1.xml.rels
2025-03-07 09:51:07 DEBUG PackageRelationshipCollection:307 - Parsing relationship: /_rels/.rels
2025-03-07 09:51:07 DEBUG POIXMLFactory:65 - using default POIXMLDocumentPart for http://schemas.openxmlformats.org/officeDocument/2006/relationships/printerSettings
2025-03-07 09:51:07 DEBUG PackageRelationshipCollection:307 - Parsing relationship: /xl/_rels/workbook.xml.rels
2025-03-07 09:51:07 DEBUG PackageRelationshipCollection:307 - Parsing relationship: /xl/worksheets/_rels/sheet1.xml.rels
2025-03-07 09:51:07 DEBUG PackageRelationshipCollection:307 - Parsing relationship: /_rels/.rels
2025-03-07 09:51:07 DEBUG POIXMLFactory:65 - using default POIXMLDocumentPart for http://schemas.openxmlformats.org/officeDocument/2006/relationships/printerSettings
2025-03-07 09:51:07 DEBUG PackageRelationshipCollection:307 - Parsing relationship: /xl/_rels/workbook.xml.rels
2025-03-07 09:51:07 DEBUG PackageRelationshipCollection:307 - Parsing relationship: /xl/worksheets/_rels/sheet1.xml.rels
2025-03-07 09:51:07 DEBUG PackageRelationshipCollection:307 - Parsing relationship: /_rels/.rels
2025-03-07 09:51:07 DEBUG POIXMLFactory:65 - using default POIXMLDocumentPart for http://schemas.openxmlformats.org/officeDocument/2006/relationships/printerSettings
2025-03-07 09:51:07 INFO  TC02_LoginDataDriven:15 - ******TC02_LoginDataDriven STARTED******
2025-03-07 09:51:08 INFO  TC02_LoginDataDriven:19 - Clicked Login
2025-03-07 09:51:08 INFO  TC02_LoginDataDriven:25 - Filled login info
2025-03-07 09:51:08 INFO  TC02_LoginDataDriven:32 - Login successfully
2025-03-07 09:51:09 INFO  TC02_LoginDataDriven:54 - ****FINISHED****
2025-03-07 09:51:09 INFO  TC02_LoginDataDriven:15 - ******TC02_LoginDataDriven STARTED******
2025-03-07 09:51:09 INFO  TC02_LoginDataDriven:19 - Clicked Login
2025-03-07 09:51:09 INFO  TC02_LoginDataDriven:25 - Filled login info
2025-03-07 09:51:19 ERROR TC02_LoginDataDriven:36 - Valid data but login unsuccessfully
2025-03-07 09:51:19 INFO  TC02_LoginDataDriven:54 - ****FINISHED****
2025-03-07 09:51:19 INFO  TC02_LoginDataDriven:15 - ******TC02_LoginDataDriven STARTED******
2025-03-07 09:51:20 INFO  TC02_LoginDataDriven:19 - Clicked Login
2025-03-07 09:51:20 INFO  TC02_LoginDataDriven:25 - Filled login info
2025-03-07 09:51:21 ERROR TC02_LoginDataDriven:42 - Invalid data but login successfully
2025-03-07 09:51:21 INFO  TC02_LoginDataDriven:54 - ****FINISHED****
2025-03-07 09:51:21 INFO  TC02_LoginDataDriven:15 - ******TC02_LoginDataDriven STARTED******
2025-03-07 09:51:21 INFO  TC02_LoginDataDriven:19 - Clicked Login
2025-03-07 09:51:22 INFO  TC02_LoginDataDriven:25 - Filled login info
2025-03-07 09:51:32 INFO  TC02_LoginDataDriven:46 - Login unsuccessfully
2025-03-07 09:51:32 INFO  TC02_LoginDataDriven:54 - ****FINISHED****
2025-03-07 09:51:32 INFO  TC02_LoginDataDriven:15 - ******TC02_LoginDataDriven STARTED******
2025-03-07 09:51:33 INFO  TC02_LoginDataDriven:19 - Clicked Login
2025-03-07 09:51:33 INFO  TC02_LoginDataDriven:25 - Filled login info
2025-03-07 09:51:43 INFO  TC02_LoginDataDriven:46 - Login unsuccessfully
2025-03-07 09:51:43 INFO  TC02_LoginDataDriven:54 - ****FINISHED****
2025-03-07 09:51:43 INFO  TC02_LoginDataDriven:15 - ******TC02_LoginDataDriven STARTED******
2025-03-07 09:51:44 INFO  TC02_LoginDataDriven:19 - Clicked Login
2025-03-07 09:51:44 INFO  TC02_LoginDataDriven:25 - Filled login info
2025-03-07 09:51:54 INFO  TC02_LoginDataDriven:46 - Login unsuccessfully
2025-03-07 09:51:54 INFO  TC02_LoginDataDriven:54 - ****FINISHED****
2025-03-07 09:56:49 DEBUG PackageRelationshipCollection:307 - Parsing relationship: /xl/_rels/workbook.xml.rels
2025-03-07 09:56:49 DEBUG PackageRelationshipCollection:307 - Parsing relationship: /xl/worksheets/_rels/sheet1.xml.rels
2025-03-07 09:56:49 DEBUG PackageRelationshipCollection:307 - Parsing relationship: /_rels/.rels
2025-03-07 09:56:49 DEBUG POIXMLFactory:65 - using default POIXMLDocumentPart for http://schemas.openxmlformats.org/officeDocument/2006/relationships/printerSettings
2025-03-07 09:56:49 DEBUG PackageRelationshipCollection:307 - Parsing relationship: /xl/_rels/workbook.xml.rels
2025-03-07 09:56:49 DEBUG PackageRelationshipCollection:307 - Parsing relationship: /xl/worksheets/_rels/sheet1.xml.rels
2025-03-07 09:56:49 DEBUG PackageRelationshipCollection:307 - Parsing relationship: /_rels/.rels
2025-03-07 09:56:49 DEBUG POIXMLFactory:65 - using default POIXMLDocumentPart for http://schemas.openxmlformats.org/officeDocument/2006/relationships/printerSettings
2025-03-07 09:56:49 DEBUG PackageRelationshipCollection:307 - Parsing relationship: /xl/_rels/workbook.xml.rels
2025-03-07 09:56:49 DEBUG PackageRelationshipCollection:307 - Parsing relationship: /xl/worksheets/_rels/sheet1.xml.rels
2025-03-07 09:56:49 DEBUG PackageRelationshipCollection:307 - Parsing relationship: /_rels/.rels
2025-03-07 09:56:49 DEBUG POIXMLFactory:65 - using default POIXMLDocumentPart for http://schemas.openxmlformats.org/officeDocument/2006/relationships/printerSettings
2025-03-07 09:56:49 DEBUG PackageRelationshipCollection:307 - Parsing relationship: /xl/_rels/workbook.xml.rels
2025-03-07 09:56:49 DEBUG PackageRelationshipCollection:307 - Parsing relationship: /xl/worksheets/_rels/sheet1.xml.rels
2025-03-07 09:56:49 DEBUG PackageRelationshipCollection:307 - Parsing relationship: /_rels/.rels
2025-03-07 09:56:49 DEBUG POIXMLFactory:65 - using default POIXMLDocumentPart for http://schemas.openxmlformats.org/officeDocument/2006/relationships/printerSettings
2025-03-07 09:56:49 DEBUG PackageRelationshipCollection:307 - Parsing relationship: /xl/_rels/workbook.xml.rels
2025-03-07 09:56:49 DEBUG PackageRelationshipCollection:307 - Parsing relationship: /xl/worksheets/_rels/sheet1.xml.rels
2025-03-07 09:56:49 DEBUG PackageRelationshipCollection:307 - Parsing relationship: /_rels/.rels
2025-03-07 09:56:49 DEBUG POIXMLFactory:65 - using default POIXMLDocumentPart for http://schemas.openxmlformats.org/officeDocument/2006/relationships/printerSettings
2025-03-07 09:56:49 DEBUG PackageRelationshipCollection:307 - Parsing relationship: /xl/_rels/workbook.xml.rels
2025-03-07 09:56:49 DEBUG PackageRelationshipCollection:307 - Parsing relationship: /xl/worksheets/_rels/sheet1.xml.rels
2025-03-07 09:56:49 DEBUG PackageRelationshipCollection:307 - Parsing relationship: /_rels/.rels
2025-03-07 09:56:49 DEBUG POIXMLFactory:65 - using default POIXMLDocumentPart for http://schemas.openxmlformats.org/officeDocument/2006/relationships/printerSettings
2025-03-07 09:56:49 DEBUG PackageRelationshipCollection:307 - Parsing relationship: /xl/_rels/workbook.xml.rels
2025-03-07 09:56:49 DEBUG PackageRelationshipCollection:307 - Parsing relationship: /xl/worksheets/_rels/sheet1.xml.rels
2025-03-07 09:56:49 DEBUG PackageRelationshipCollection:307 - Parsing relationship: /_rels/.rels
2025-03-07 09:56:49 DEBUG POIXMLFactory:65 - using default POIXMLDocumentPart for http://schemas.openxmlformats.org/officeDocument/2006/relationships/printerSettings
2025-03-07 09:56:49 DEBUG PackageRelationshipCollection:307 - Parsing relationship: /xl/_rels/workbook.xml.rels
2025-03-07 09:56:49 DEBUG PackageRelationshipCollection:307 - Parsing relationship: /xl/worksheets/_rels/sheet1.xml.rels
2025-03-07 09:56:49 DEBUG PackageRelationshipCollection:307 - Parsing relationship: /_rels/.rels
2025-03-07 09:56:49 DEBUG POIXMLFactory:65 - using default POIXMLDocumentPart for http://schemas.openxmlformats.org/officeDocument/2006/relationships/printerSettings
2025-03-07 09:56:49 DEBUG PackageRelationshipCollection:307 - Parsing relationship: /xl/_rels/workbook.xml.rels
2025-03-07 09:56:49 DEBUG PackageRelationshipCollection:307 - Parsing relationship: /xl/worksheets/_rels/sheet1.xml.rels
2025-03-07 09:56:49 DEBUG PackageRelationshipCollection:307 - Parsing relationship: /_rels/.rels
2025-03-07 09:56:49 DEBUG POIXMLFactory:65 - using default POIXMLDocumentPart for http://schemas.openxmlformats.org/officeDocument/2006/relationships/printerSettings
2025-03-07 09:56:49 DEBUG PackageRelationshipCollection:307 - Parsing relationship: /xl/_rels/workbook.xml.rels
2025-03-07 09:56:49 DEBUG PackageRelationshipCollection:307 - Parsing relationship: /xl/worksheets/_rels/sheet1.xml.rels
2025-03-07 09:56:49 DEBUG PackageRelationshipCollection:307 - Parsing relationship: /_rels/.rels
2025-03-07 09:56:49 DEBUG POIXMLFactory:65 - using default POIXMLDocumentPart for http://schemas.openxmlformats.org/officeDocument/2006/relationships/printerSettings
2025-03-07 09:56:49 DEBUG PackageRelationshipCollection:307 - Parsing relationship: /xl/_rels/workbook.xml.rels
2025-03-07 09:56:49 DEBUG PackageRelationshipCollection:307 - Parsing relationship: /xl/worksheets/_rels/sheet1.xml.rels
2025-03-07 09:56:49 DEBUG PackageRelationshipCollection:307 - Parsing relationship: /_rels/.rels
2025-03-07 09:56:49 DEBUG POIXMLFactory:65 - using default POIXMLDocumentPart for http://schemas.openxmlformats.org/officeDocument/2006/relationships/printerSettings
2025-03-07 09:56:49 DEBUG PackageRelationshipCollection:307 - Parsing relationship: /xl/_rels/workbook.xml.rels
2025-03-07 09:56:49 DEBUG PackageRelationshipCollection:307 - Parsing relationship: /xl/worksheets/_rels/sheet1.xml.rels
2025-03-07 09:56:49 DEBUG PackageRelationshipCollection:307 - Parsing relationship: /_rels/.rels
2025-03-07 09:56:49 DEBUG POIXMLFactory:65 - using default POIXMLDocumentPart for http://schemas.openxmlformats.org/officeDocument/2006/relationships/printerSettings
2025-03-07 09:56:49 DEBUG PackageRelationshipCollection:307 - Parsing relationship: /xl/_rels/workbook.xml.rels
2025-03-07 09:56:49 DEBUG PackageRelationshipCollection:307 - Parsing relationship: /xl/worksheets/_rels/sheet1.xml.rels
2025-03-07 09:56:49 DEBUG PackageRelationshipCollection:307 - Parsing relationship: /_rels/.rels
2025-03-07 09:56:49 DEBUG POIXMLFactory:65 - using default POIXMLDocumentPart for http://schemas.openxmlformats.org/officeDocument/2006/relationships/printerSettings
2025-03-07 09:56:49 DEBUG PackageRelationshipCollection:307 - Parsing relationship: /xl/_rels/workbook.xml.rels
2025-03-07 09:56:49 DEBUG PackageRelationshipCollection:307 - Parsing relationship: /xl/worksheets/_rels/sheet1.xml.rels
2025-03-07 09:56:49 DEBUG PackageRelationshipCollection:307 - Parsing relationship: /_rels/.rels
2025-03-07 09:56:49 DEBUG POIXMLFactory:65 - using default POIXMLDocumentPart for http://schemas.openxmlformats.org/officeDocument/2006/relationships/printerSettings
2025-03-07 09:56:49 DEBUG PackageRelationshipCollection:307 - Parsing relationship: /xl/_rels/workbook.xml.rels
2025-03-07 09:56:49 DEBUG PackageRelationshipCollection:307 - Parsing relationship: /xl/worksheets/_rels/sheet1.xml.rels
2025-03-07 09:56:49 DEBUG PackageRelationshipCollection:307 - Parsing relationship: /_rels/.rels
2025-03-07 09:56:49 DEBUG POIXMLFactory:65 - using default POIXMLDocumentPart for http://schemas.openxmlformats.org/officeDocument/2006/relationships/printerSettings
2025-03-07 09:56:49 DEBUG PackageRelationshipCollection:307 - Parsing relationship: /xl/_rels/workbook.xml.rels
2025-03-07 09:56:49 DEBUG PackageRelationshipCollection:307 - Parsing relationship: /xl/worksheets/_rels/sheet1.xml.rels
2025-03-07 09:56:49 DEBUG PackageRelationshipCollection:307 - Parsing relationship: /_rels/.rels
2025-03-07 09:56:50 DEBUG POIXMLFactory:65 - using default POIXMLDocumentPart for http://schemas.openxmlformats.org/officeDocument/2006/relationships/printerSettings
2025-03-07 09:56:50 DEBUG PackageRelationshipCollection:307 - Parsing relationship: /xl/_rels/workbook.xml.rels
2025-03-07 09:56:50 DEBUG PackageRelationshipCollection:307 - Parsing relationship: /xl/worksheets/_rels/sheet1.xml.rels
2025-03-07 09:56:50 DEBUG PackageRelationshipCollection:307 - Parsing relationship: /_rels/.rels
2025-03-07 09:56:50 DEBUG POIXMLFactory:65 - using default POIXMLDocumentPart for http://schemas.openxmlformats.org/officeDocument/2006/relationships/printerSettings
2025-03-07 09:56:50 DEBUG PackageRelationshipCollection:307 - Parsing relationship: /xl/_rels/workbook.xml.rels
2025-03-07 09:56:50 DEBUG PackageRelationshipCollection:307 - Parsing relationship: /xl/worksheets/_rels/sheet1.xml.rels
2025-03-07 09:56:50 DEBUG PackageRelationshipCollection:307 - Parsing relationship: /_rels/.rels
2025-03-07 09:56:50 DEBUG POIXMLFactory:65 - using default POIXMLDocumentPart for http://schemas.openxmlformats.org/officeDocument/2006/relationships/printerSettings
2025-03-07 09:56:50 DEBUG PackageRelationshipCollection:307 - Parsing relationship: /xl/_rels/workbook.xml.rels
2025-03-07 09:56:50 DEBUG PackageRelationshipCollection:307 - Parsing relationship: /xl/worksheets/_rels/sheet1.xml.rels
